<html>
<head>
<title>TestNG:  Surefire test</title>
<link href="../testng.css" rel="stylesheet" type="text/css" />
<link href="../my-testng.css" rel="stylesheet" type="text/css" />

<style type="text/css">
.log { display: none;} 
.stack-trace { display: none;} 
</style>
<script type="text/javascript">
<!--
function flip(e) {
  current = e.style.display;
  if (current == 'block') {
    e.style.display = 'none';
    return 0;
  }
  else {
    e.style.display = 'block';
    return 1;
  }
}

function toggleBox(szDivId, elem, msg1, msg2)
{
  var res = -1;  if (document.getElementById) {
    res = flip(document.getElementById(szDivId));
  }
  else if (document.all) {
    // this is the way old msie versions work
    res = flip(document.all[szDivId]);
  }
  if(elem) {
    if(res == 0) elem.innerHTML = msg1; else elem.innerHTML = msg2;
  }

}

function toggleAllBoxes() {
  if (document.getElementsByTagName) {
    d = document.getElementsByTagName('div');
    for (i = 0; i < d.length; i++) {
      if (d[i].className == 'log') {
        flip(d[i]);
      }
    }
  }
}

// -->
</script>

</head>
<body>
<h2 align='center'>Surefire test</h2><table border='1' align="center">
<tr>
<td>Tests passed/Failed/Skipped:</td><td>16/3/0</td>
</tr><tr>
<td>Started on:</td><td>Thu Jul 28 20:19:33 EET 2022</td>
</tr>
<tr><td>Total time:</td><td>374 seconds (374314 ms)</td>
</tr><tr>
<td>Included groups:</td><td></td>
</tr><tr>
<td>Excluded groups:</td><td></td>
</tr>
</table><p/>
<small><i>(Hover the method name to see the test class name)</i></small><p/>
<table width='100%' border='1' class='invocation-failed'>
<tr><td colspan='4' align='center'><b>FAILED TESTS</b></td></tr>
<tr><td><b>Test method</b></td>
<td width="30%"><b>Exception</b></td>
<td width="10%"><b>Time (seconds)</b></td>
<td><b>Instance</b></td>
</tr>
<tr>
<td title='org.example.testRunner.runners.runScenario()'><b>runScenario</b><br>Test class: org.example.testRunner.runners<br>Test method: Runs Cucumber Scenarios<br>Parameters: "first slider is clickable on home page", "Optional[F06_homeSliders | check sliders is clickable on home page]"</td>
<td><div><pre>java.lang.AssertionError: expected [https://demo.nopcommerce.com/nokia-lumia-1020] but found [https://demo.nopcommerce.com/]
	at org.example.stepDefs.D06_homeSlidersStepDef.verify1stSlider(D06_homeSlidersStepDef.java:27)
	at ✽.user redirect to url1 Nokia(file:///home/nada/IdeaProjects/DemoProjectAutomation2/src/main/resources/features/F06_homeSliders.feature:6)
... Removed 6 stack frames</pre></div><a href='#' onClick='toggleBox("stack-trace1596843797", this, "Click to show all stack frames", "Click to hide stack frames")'>Click to show all stack frames</a>
<div class='stack-trace' id='stack-trace1596843797'><pre>java.lang.AssertionError: expected [https://demo.nopcommerce.com/nokia-lumia-1020] but found [https://demo.nopcommerce.com/]
	at org.testng.Assert.fail(Assert.java:99)
	at org.testng.Assert.failNotEquals(Assert.java:1037)
	at org.testng.Assert.assertEqualsImpl(Assert.java:140)
	at org.testng.Assert.assertEquals(Assert.java:122)
	at org.testng.Assert.assertEquals(Assert.java:629)
	at org.testng.Assert.assertEquals(Assert.java:639)
	at org.example.stepDefs.D06_homeSlidersStepDef.verify1stSlider(D06_homeSlidersStepDef.java:27)
	at ✽.user redirect to url1 Nokia(file:///home/nada/IdeaProjects/DemoProjectAutomation2/src/main/resources/features/F06_homeSliders.feature:6)
</pre></div></td>
<td>12</td>
<td>org.example.testRunner.runners@2ac273d3</td></tr>
<tr>
<td title='org.example.testRunner.runners.runScenario()'><b>runScenario</b><br>Test class: org.example.testRunner.runners<br>Test method: Runs Cucumber Scenarios<br>Parameters: "second slider is clickable on home page", "Optional[F06_homeSliders | check sliders is clickable on home page]"</td>
<td><div><pre>java.lang.AssertionError: expected [https://demo.nopcommerce.com/iphone-6] but found [https://demo.nopcommerce.com/]
	at org.example.stepDefs.D06_homeSlidersStepDef.verify2ndSlider(D06_homeSlidersStepDef.java:34)
	at ✽.user redirect to url2 iphone(file:///home/nada/IdeaProjects/DemoProjectAutomation2/src/main/resources/features/F06_homeSliders.feature:10)
... Removed 6 stack frames</pre></div><a href='#' onClick='toggleBox("stack-trace1005400853", this, "Click to show all stack frames", "Click to hide stack frames")'>Click to show all stack frames</a>
<div class='stack-trace' id='stack-trace1005400853'><pre>java.lang.AssertionError: expected [https://demo.nopcommerce.com/iphone-6] but found [https://demo.nopcommerce.com/]
	at org.testng.Assert.fail(Assert.java:99)
	at org.testng.Assert.failNotEquals(Assert.java:1037)
	at org.testng.Assert.assertEqualsImpl(Assert.java:140)
	at org.testng.Assert.assertEquals(Assert.java:122)
	at org.testng.Assert.assertEquals(Assert.java:629)
	at org.testng.Assert.assertEquals(Assert.java:639)
	at org.example.stepDefs.D06_homeSlidersStepDef.verify2ndSlider(D06_homeSlidersStepDef.java:34)
	at ✽.user redirect to url2 iphone(file:///home/nada/IdeaProjects/DemoProjectAutomation2/src/main/resources/features/F06_homeSliders.feature:10)
</pre></div></td>
<td>13</td>
<td>org.example.testRunner.runners@2ac273d3</td></tr>
<tr>
<td title='org.example.testRunner.runners.runScenario()'><b>runScenario</b><br>Test class: org.example.testRunner.runners<br>Test method: Runs Cucumber Scenarios<br>Parameters: "user opens rss link", "Optional[F07_followUs | users could open followUs links]"</td>
<td><div><pre>java.lang.AssertionError: expected [https://demo.nopcommerce.com/new-online-store-is-open] but found [https://demo.nopcommerce.com/news/rss/1]
	at org.example.stepDefs.D07_followUsStepDef.isOpenedInNewTab(D07_followUsStepDef.java:53)
	at ✽.&quot;https://demo.nopcommerce.com/new-online-store-is-open&quot; is opened in new tab(file:///home/nada/IdeaProjects/DemoProjectAutomation2/src/main/resources/features/F07_followUs.feature:22)
... Removed 6 stack frames</pre></div><a href='#' onClick='toggleBox("stack-trace516040753", this, "Click to show all stack frames", "Click to hide stack frames")'>Click to show all stack frames</a>
<div class='stack-trace' id='stack-trace516040753'><pre>java.lang.AssertionError: expected [https://demo.nopcommerce.com/new-online-store-is-open] but found [https://demo.nopcommerce.com/news/rss/1]
	at org.testng.Assert.fail(Assert.java:99)
	at org.testng.Assert.failNotEquals(Assert.java:1037)
	at org.testng.Assert.assertEqualsImpl(Assert.java:140)
	at org.testng.Assert.assertEquals(Assert.java:122)
	at org.testng.Assert.assertEquals(Assert.java:629)
	at org.testng.Assert.assertEquals(Assert.java:639)
	at org.example.stepDefs.D07_followUsStepDef.isOpenedInNewTab(D07_followUsStepDef.java:53)
	at ✽.&quot;https://demo.nopcommerce.com/new-online-store-is-open&quot; is opened in new tab(file:///home/nada/IdeaProjects/DemoProjectAutomation2/src/main/resources/features/F07_followUs.feature:22)
</pre></div></td>
<td>18</td>
<td>org.example.testRunner.runners@2ac273d3</td></tr>
</table><p>
<table width='100%' border='1' class='invocation-passed'>
<tr><td colspan='4' align='center'><b>PASSED TESTS</b></td></tr>
<tr><td><b>Test method</b></td>
<td width="30%"><b>Exception</b></td>
<td width="10%"><b>Time (seconds)</b></td>
<td><b>Instance</b></td>
</tr>
<tr>
<td title='org.example.testRunner.runners.runScenario()'><b>runScenario</b><br>Test class: org.example.testRunner.runners<br>Test method: Runs Cucumber Scenarios<br>Parameters: "guest user could register with valid data successfully", "Optional[F01_Register | users could register with new accounts]"</td>
<td></td>
<td>27</td>
<td>org.example.testRunner.runners@2ac273d3</td></tr>
<tr>
<td title='org.example.testRunner.runners.runScenario()'><b>runScenario</b><br>Test class: org.example.testRunner.runners<br>Test method: Runs Cucumber Scenarios<br>Parameters: "user could login with valid email and password", "Optional[F02_Login | users could use login functionality to use their accounts]"</td>
<td></td>
<td>16</td>
<td>org.example.testRunner.runners@2ac273d3</td></tr>
<tr>
<td title='org.example.testRunner.runners.runScenario()'><b>runScenario</b><br>Test class: org.example.testRunner.runners<br>Test method: Runs Cucumber Scenarios<br>Parameters: "user could login with invalid email and password", "Optional[F02_Login | users could use login functionality to use their accounts]"</td>
<td></td>
<td>17</td>
<td>org.example.testRunner.runners@2ac273d3</td></tr>
<tr>
<td title='org.example.testRunner.runners.runScenario()'><b>runScenario</b><br>Test class: org.example.testRunner.runners<br>Test method: Runs Cucumber Scenarios<br>Parameters: "Logged User could switch between currencies US-Euro", "Optional[F03_Currencies | User could switch between currencies US-Euro]"</td>
<td></td>
<td>16</td>
<td>org.example.testRunner.runners@2ac273d3</td></tr>
<tr>
<td title='org.example.testRunner.runners.runScenario()'><b>runScenario</b><br>Test class: org.example.testRunner.runners<br>Test method: Runs Cucumber Scenarios<br>Parameters: "user could search using product name", "Optional[F04_Search |  User could search for any product]"</td>
<td></td>
<td>15</td>
<td>org.example.testRunner.runners@2ac273d3</td></tr>
<tr>
<td title='org.example.testRunner.runners.runScenario()'><b>runScenario</b><br>Test class: org.example.testRunner.runners<br>Test method: Runs Cucumber Scenarios<br>Parameters: "user could search using product name", "Optional[F04_Search |  User could search for any product]"</td>
<td></td>
<td>16</td>
<td>org.example.testRunner.runners@2ac273d3</td></tr>
<tr>
<td title='org.example.testRunner.runners.runScenario()'><b>runScenario</b><br>Test class: org.example.testRunner.runners<br>Test method: Runs Cucumber Scenarios<br>Parameters: "user could search using product name", "Optional[F04_Search |  User could search for any product]"</td>
<td></td>
<td>15</td>
<td>org.example.testRunner.runners@2ac273d3</td></tr>
<tr>
<td title='org.example.testRunner.runners.runScenario()'><b>runScenario</b><br>Test class: org.example.testRunner.runners<br>Test method: Runs Cucumber Scenarios<br>Parameters: "user could search for product using sku", "Optional[F04_Search |  User could search for any product]"</td>
<td></td>
<td>24</td>
<td>org.example.testRunner.runners@2ac273d3</td></tr>
<tr>
<td title='org.example.testRunner.runners.runScenario()'><b>runScenario</b><br>Test class: org.example.testRunner.runners<br>Test method: Runs Cucumber Scenarios<br>Parameters: "user could search for product using sku", "Optional[F04_Search |  User could search for any product]"</td>
<td></td>
<td>23</td>
<td>org.example.testRunner.runners@2ac273d3</td></tr>
<tr>
<td title='org.example.testRunner.runners.runScenario()'><b>runScenario</b><br>Test class: org.example.testRunner.runners<br>Test method: Runs Cucumber Scenarios<br>Parameters: "user could search for product using sku", "Optional[F04_Search |  User could search for any product]"</td>
<td></td>
<td>24</td>
<td>org.example.testRunner.runners@2ac273d3</td></tr>
<tr>
<td title='org.example.testRunner.runners.runScenario()'><b>runScenario</b><br>Test class: org.example.testRunner.runners<br>Test method: Runs Cucumber Scenarios<br>Parameters: "Logged user could select different Categories", "Optional[F05_hoverCategories | user could select different Categories]"</td>
<td></td>
<td>17</td>
<td>org.example.testRunner.runners@2ac273d3</td></tr>
<tr>
<td title='org.example.testRunner.runners.runScenario()'><b>runScenario</b><br>Test class: org.example.testRunner.runners<br>Test method: Runs Cucumber Scenarios<br>Parameters: "user opens facebook link", "Optional[F07_followUs | users could open followUs links]"</td>
<td></td>
<td>17</td>
<td>org.example.testRunner.runners@2ac273d3</td></tr>
<tr>
<td title='org.example.testRunner.runners.runScenario()'><b>runScenario</b><br>Test class: org.example.testRunner.runners<br>Test method: Runs Cucumber Scenarios<br>Parameters: "user opens twitter link", "Optional[F07_followUs | users could open followUs links]"</td>
<td></td>
<td>27</td>
<td>org.example.testRunner.runners@2ac273d3</td></tr>
<tr>
<td title='org.example.testRunner.runners.runScenario()'><b>runScenario</b><br>Test class: org.example.testRunner.runners<br>Test method: Runs Cucumber Scenarios<br>Parameters: "user opens youtube link", "Optional[F07_followUs | users could open followUs links]"</td>
<td></td>
<td>17</td>
<td>org.example.testRunner.runners@2ac273d3</td></tr>
<tr>
<td title='org.example.testRunner.runners.runScenario()'><b>runScenario</b><br>Test class: org.example.testRunner.runners<br>Test method: Runs Cucumber Scenarios<br>Parameters: "verify that the user can add item to wishlist successfully", "Optional[F08_Wishlist | user can add item to his wishlist]"</td>
<td></td>
<td>14</td>
<td>org.example.testRunner.runners@2ac273d3</td></tr>
<tr>
<td title='org.example.testRunner.runners.runScenario()'><b>runScenario</b><br>Test class: org.example.testRunner.runners<br>Test method: Runs Cucumber Scenarios<br>Parameters: "verify that count of the wishlist responding", "Optional[F08_Wishlist | user can add item to his wishlist]"</td>
<td></td>
<td>38</td>
<td>org.example.testRunner.runners@2ac273d3</td></tr>
</table><p>
</body>
</html>