<?xml version="1.0" encoding="UTF-8"?>
<testng-results skipped="0" failed="3" ignored="0" total="19" passed="16">
  <reporter-output>
  </reporter-output>
  <suite name="Surefire suite" duration-ms="374314" started-at="2022-07-28T20:19:33 EET" finished-at="2022-07-28T20:25:47 EET">
    <groups>
      <group name="cucumber">
        <method signature="AbstractTestNGCucumberTests.runScenario(io.cucumber.testng.PickleWrapper, io.cucumber.testng.FeatureWrapper)[pri:0, instance:org.example.testRunner.runners@2ac273d3]" name="runScenario" class="io.cucumber.testng.AbstractTestNGCucumberTests"/>
      </group> <!-- cucumber -->
    </groups>
    <test name="Surefire test" duration-ms="374314" started-at="2022-07-28T20:19:33 EET" finished-at="2022-07-28T20:25:47 EET">
      <class name="org.example.testRunner.runners">
        <test-method status="PASS" signature="setUpClass()[pri:0, instance:org.example.testRunner.runners@2ac273d3]" name="setUpClass" is-config="true" duration-ms="353" started-at="2022-07-28T20:19:33 EET" finished-at="2022-07-28T20:19:33 EET">
          <reporter-output>
          </reporter-output>
        </test-method> <!-- setUpClass -->
        <test-method status="PASS" signature="runScenario(io.cucumber.testng.PickleWrapper, io.cucumber.testng.FeatureWrapper)[pri:0, instance:org.example.testRunner.runners@2ac273d3]" name="runScenario" duration-ms="27167" started-at="2022-07-28T20:19:33 EET" description="Runs Cucumber Scenarios" data-provider="scenarios" finished-at="2022-07-28T20:20:00 EET">
          <params>
            <param index="0">
              <value>
                <![CDATA["guest user could register with valid data successfully"]]>
              </value>
            </param>
            <param index="1">
              <value>
                <![CDATA["Optional[F01_Register | users could register with new accounts]"]]>
              </value>
            </param>
          </params>
          <reporter-output>
          </reporter-output>
        </test-method> <!-- runScenario -->
        <test-method status="PASS" signature="runScenario(io.cucumber.testng.PickleWrapper, io.cucumber.testng.FeatureWrapper)[pri:0, instance:org.example.testRunner.runners@2ac273d3]" name="runScenario" duration-ms="16007" started-at="2022-07-28T20:20:00 EET" description="Runs Cucumber Scenarios" data-provider="scenarios" finished-at="2022-07-28T20:20:16 EET">
          <params>
            <param index="0">
              <value>
                <![CDATA["user could login with valid email and password"]]>
              </value>
            </param>
            <param index="1">
              <value>
                <![CDATA["Optional[F02_Login | users could use login functionality to use their accounts]"]]>
              </value>
            </param>
          </params>
          <reporter-output>
          </reporter-output>
        </test-method> <!-- runScenario -->
        <test-method status="PASS" signature="runScenario(io.cucumber.testng.PickleWrapper, io.cucumber.testng.FeatureWrapper)[pri:0, instance:org.example.testRunner.runners@2ac273d3]" name="runScenario" duration-ms="17300" started-at="2022-07-28T20:20:16 EET" description="Runs Cucumber Scenarios" data-provider="scenarios" finished-at="2022-07-28T20:20:33 EET">
          <params>
            <param index="0">
              <value>
                <![CDATA["user could login with invalid email and password"]]>
              </value>
            </param>
            <param index="1">
              <value>
                <![CDATA["Optional[F02_Login | users could use login functionality to use their accounts]"]]>
              </value>
            </param>
          </params>
          <reporter-output>
          </reporter-output>
        </test-method> <!-- runScenario -->
        <test-method status="PASS" signature="runScenario(io.cucumber.testng.PickleWrapper, io.cucumber.testng.FeatureWrapper)[pri:0, instance:org.example.testRunner.runners@2ac273d3]" name="runScenario" duration-ms="16788" started-at="2022-07-28T20:20:33 EET" description="Runs Cucumber Scenarios" data-provider="scenarios" finished-at="2022-07-28T20:20:50 EET">
          <params>
            <param index="0">
              <value>
                <![CDATA["Logged User could switch between currencies US-Euro"]]>
              </value>
            </param>
            <param index="1">
              <value>
                <![CDATA["Optional[F03_Currencies | User could switch between currencies US-Euro]"]]>
              </value>
            </param>
          </params>
          <reporter-output>
          </reporter-output>
        </test-method> <!-- runScenario -->
        <test-method status="PASS" signature="runScenario(io.cucumber.testng.PickleWrapper, io.cucumber.testng.FeatureWrapper)[pri:0, instance:org.example.testRunner.runners@2ac273d3]" name="runScenario" duration-ms="15215" started-at="2022-07-28T20:20:50 EET" description="Runs Cucumber Scenarios" data-provider="scenarios" finished-at="2022-07-28T20:21:05 EET">
          <params>
            <param index="0">
              <value>
                <![CDATA["user could search using product name"]]>
              </value>
            </param>
            <param index="1">
              <value>
                <![CDATA["Optional[F04_Search |  User could search for any product]"]]>
              </value>
            </param>
          </params>
          <reporter-output>
          </reporter-output>
        </test-method> <!-- runScenario -->
        <test-method status="PASS" signature="runScenario(io.cucumber.testng.PickleWrapper, io.cucumber.testng.FeatureWrapper)[pri:0, instance:org.example.testRunner.runners@2ac273d3]" name="runScenario" duration-ms="16382" started-at="2022-07-28T20:21:05 EET" description="Runs Cucumber Scenarios" data-provider="scenarios" finished-at="2022-07-28T20:21:22 EET">
          <params>
            <param index="0">
              <value>
                <![CDATA["user could search using product name"]]>
              </value>
            </param>
            <param index="1">
              <value>
                <![CDATA["Optional[F04_Search |  User could search for any product]"]]>
              </value>
            </param>
          </params>
          <reporter-output>
          </reporter-output>
        </test-method> <!-- runScenario -->
        <test-method status="PASS" signature="runScenario(io.cucumber.testng.PickleWrapper, io.cucumber.testng.FeatureWrapper)[pri:0, instance:org.example.testRunner.runners@2ac273d3]" name="runScenario" duration-ms="15028" started-at="2022-07-28T20:21:22 EET" description="Runs Cucumber Scenarios" data-provider="scenarios" finished-at="2022-07-28T20:21:37 EET">
          <params>
            <param index="0">
              <value>
                <![CDATA["user could search using product name"]]>
              </value>
            </param>
            <param index="1">
              <value>
                <![CDATA["Optional[F04_Search |  User could search for any product]"]]>
              </value>
            </param>
          </params>
          <reporter-output>
          </reporter-output>
        </test-method> <!-- runScenario -->
        <test-method status="PASS" signature="runScenario(io.cucumber.testng.PickleWrapper, io.cucumber.testng.FeatureWrapper)[pri:0, instance:org.example.testRunner.runners@2ac273d3]" name="runScenario" duration-ms="24437" started-at="2022-07-28T20:21:37 EET" description="Runs Cucumber Scenarios" data-provider="scenarios" finished-at="2022-07-28T20:22:01 EET">
          <params>
            <param index="0">
              <value>
                <![CDATA["user could search for product using sku"]]>
              </value>
            </param>
            <param index="1">
              <value>
                <![CDATA["Optional[F04_Search |  User could search for any product]"]]>
              </value>
            </param>
          </params>
          <reporter-output>
          </reporter-output>
        </test-method> <!-- runScenario -->
        <test-method status="PASS" signature="runScenario(io.cucumber.testng.PickleWrapper, io.cucumber.testng.FeatureWrapper)[pri:0, instance:org.example.testRunner.runners@2ac273d3]" name="runScenario" duration-ms="23885" started-at="2022-07-28T20:22:01 EET" description="Runs Cucumber Scenarios" data-provider="scenarios" finished-at="2022-07-28T20:22:25 EET">
          <params>
            <param index="0">
              <value>
                <![CDATA["user could search for product using sku"]]>
              </value>
            </param>
            <param index="1">
              <value>
                <![CDATA["Optional[F04_Search |  User could search for any product]"]]>
              </value>
            </param>
          </params>
          <reporter-output>
          </reporter-output>
        </test-method> <!-- runScenario -->
        <test-method status="PASS" signature="runScenario(io.cucumber.testng.PickleWrapper, io.cucumber.testng.FeatureWrapper)[pri:0, instance:org.example.testRunner.runners@2ac273d3]" name="runScenario" duration-ms="24016" started-at="2022-07-28T20:22:25 EET" description="Runs Cucumber Scenarios" data-provider="scenarios" finished-at="2022-07-28T20:22:49 EET">
          <params>
            <param index="0">
              <value>
                <![CDATA["user could search for product using sku"]]>
              </value>
            </param>
            <param index="1">
              <value>
                <![CDATA["Optional[F04_Search |  User could search for any product]"]]>
              </value>
            </param>
          </params>
          <reporter-output>
          </reporter-output>
        </test-method> <!-- runScenario -->
        <test-method status="PASS" signature="runScenario(io.cucumber.testng.PickleWrapper, io.cucumber.testng.FeatureWrapper)[pri:0, instance:org.example.testRunner.runners@2ac273d3]" name="runScenario" duration-ms="17242" started-at="2022-07-28T20:22:49 EET" description="Runs Cucumber Scenarios" data-provider="scenarios" finished-at="2022-07-28T20:23:06 EET">
          <params>
            <param index="0">
              <value>
                <![CDATA["Logged user could select different Categories"]]>
              </value>
            </param>
            <param index="1">
              <value>
                <![CDATA["Optional[F05_hoverCategories | user could select different Categories]"]]>
              </value>
            </param>
          </params>
          <reporter-output>
          </reporter-output>
        </test-method> <!-- runScenario -->
        <test-method status="FAIL" signature="runScenario(io.cucumber.testng.PickleWrapper, io.cucumber.testng.FeatureWrapper)[pri:0, instance:org.example.testRunner.runners@2ac273d3]" name="runScenario" duration-ms="12844" started-at="2022-07-28T20:23:06 EET" description="Runs Cucumber Scenarios" data-provider="scenarios" finished-at="2022-07-28T20:23:19 EET">
          <params>
            <param index="0">
              <value>
                <![CDATA["first slider is clickable on home page"]]>
              </value>
            </param>
            <param index="1">
              <value>
                <![CDATA["Optional[F06_homeSliders | check sliders is clickable on home page]"]]>
              </value>
            </param>
          </params>
          <exception class="java.lang.AssertionError">
            <message>
              <![CDATA[expected [https://demo.nopcommerce.com/nokia-lumia-1020] but found [https://demo.nopcommerce.com/]]]>
            </message>
            <full-stacktrace>
              <![CDATA[java.lang.AssertionError: expected [https://demo.nopcommerce.com/nokia-lumia-1020] but found [https://demo.nopcommerce.com/]
at org.testng.Assert.fail(Assert.java:99)
at org.testng.Assert.failNotEquals(Assert.java:1037)
at org.testng.Assert.assertEqualsImpl(Assert.java:140)
at org.testng.Assert.assertEquals(Assert.java:122)
at org.testng.Assert.assertEquals(Assert.java:629)
at org.testng.Assert.assertEquals(Assert.java:639)
at org.example.stepDefs.D06_homeSlidersStepDef.verify1stSlider(D06_homeSlidersStepDef.java:27)
at ✽.user redirect to url1 Nokia(file:///home/nada/IdeaProjects/DemoProjectAutomation2/src/main/resources/features/F06_homeSliders.feature:6)
]]>
            </full-stacktrace>
          </exception> <!-- java.lang.AssertionError -->
          <reporter-output>
          </reporter-output>
        </test-method> <!-- runScenario -->
        <test-method status="FAIL" signature="runScenario(io.cucumber.testng.PickleWrapper, io.cucumber.testng.FeatureWrapper)[pri:0, instance:org.example.testRunner.runners@2ac273d3]" name="runScenario" duration-ms="13990" started-at="2022-07-28T20:23:19 EET" description="Runs Cucumber Scenarios" data-provider="scenarios" finished-at="2022-07-28T20:23:33 EET">
          <params>
            <param index="0">
              <value>
                <![CDATA["second slider is clickable on home page"]]>
              </value>
            </param>
            <param index="1">
              <value>
                <![CDATA["Optional[F06_homeSliders | check sliders is clickable on home page]"]]>
              </value>
            </param>
          </params>
          <exception class="java.lang.AssertionError">
            <message>
              <![CDATA[expected [https://demo.nopcommerce.com/iphone-6] but found [https://demo.nopcommerce.com/]]]>
            </message>
            <full-stacktrace>
              <![CDATA[java.lang.AssertionError: expected [https://demo.nopcommerce.com/iphone-6] but found [https://demo.nopcommerce.com/]
at org.testng.Assert.fail(Assert.java:99)
at org.testng.Assert.failNotEquals(Assert.java:1037)
at org.testng.Assert.assertEqualsImpl(Assert.java:140)
at org.testng.Assert.assertEquals(Assert.java:122)
at org.testng.Assert.assertEquals(Assert.java:629)
at org.testng.Assert.assertEquals(Assert.java:639)
at org.example.stepDefs.D06_homeSlidersStepDef.verify2ndSlider(D06_homeSlidersStepDef.java:34)
at ✽.user redirect to url2 iphone(file:///home/nada/IdeaProjects/DemoProjectAutomation2/src/main/resources/features/F06_homeSliders.feature:10)
]]>
            </full-stacktrace>
          </exception> <!-- java.lang.AssertionError -->
          <reporter-output>
          </reporter-output>
        </test-method> <!-- runScenario -->
        <test-method status="PASS" signature="runScenario(io.cucumber.testng.PickleWrapper, io.cucumber.testng.FeatureWrapper)[pri:0, instance:org.example.testRunner.runners@2ac273d3]" name="runScenario" duration-ms="17236" started-at="2022-07-28T20:23:33 EET" description="Runs Cucumber Scenarios" data-provider="scenarios" finished-at="2022-07-28T20:23:51 EET">
          <params>
            <param index="0">
              <value>
                <![CDATA["user opens facebook link"]]>
              </value>
            </param>
            <param index="1">
              <value>
                <![CDATA["Optional[F07_followUs | users could open followUs links]"]]>
              </value>
            </param>
          </params>
          <reporter-output>
          </reporter-output>
        </test-method> <!-- runScenario -->
        <test-method status="PASS" signature="runScenario(io.cucumber.testng.PickleWrapper, io.cucumber.testng.FeatureWrapper)[pri:0, instance:org.example.testRunner.runners@2ac273d3]" name="runScenario" duration-ms="27267" started-at="2022-07-28T20:23:51 EET" description="Runs Cucumber Scenarios" data-provider="scenarios" finished-at="2022-07-28T20:24:18 EET">
          <params>
            <param index="0">
              <value>
                <![CDATA["user opens twitter link"]]>
              </value>
            </param>
            <param index="1">
              <value>
                <![CDATA["Optional[F07_followUs | users could open followUs links]"]]>
              </value>
            </param>
          </params>
          <reporter-output>
          </reporter-output>
        </test-method> <!-- runScenario -->
        <test-method status="FAIL" signature="runScenario(io.cucumber.testng.PickleWrapper, io.cucumber.testng.FeatureWrapper)[pri:0, instance:org.example.testRunner.runners@2ac273d3]" name="runScenario" duration-ms="18952" started-at="2022-07-28T20:24:18 EET" description="Runs Cucumber Scenarios" data-provider="scenarios" finished-at="2022-07-28T20:24:37 EET">
          <params>
            <param index="0">
              <value>
                <![CDATA["user opens rss link"]]>
              </value>
            </param>
            <param index="1">
              <value>
                <![CDATA["Optional[F07_followUs | users could open followUs links]"]]>
              </value>
            </param>
          </params>
          <exception class="java.lang.AssertionError">
            <message>
              <![CDATA[expected [https://demo.nopcommerce.com/new-online-store-is-open] but found [https://demo.nopcommerce.com/news/rss/1]]]>
            </message>
            <full-stacktrace>
              <![CDATA[java.lang.AssertionError: expected [https://demo.nopcommerce.com/new-online-store-is-open] but found [https://demo.nopcommerce.com/news/rss/1]
at org.testng.Assert.fail(Assert.java:99)
at org.testng.Assert.failNotEquals(Assert.java:1037)
at org.testng.Assert.assertEqualsImpl(Assert.java:140)
at org.testng.Assert.assertEquals(Assert.java:122)
at org.testng.Assert.assertEquals(Assert.java:629)
at org.testng.Assert.assertEquals(Assert.java:639)
at org.example.stepDefs.D07_followUsStepDef.isOpenedInNewTab(D07_followUsStepDef.java:53)
at ✽."https://demo.nopcommerce.com/new-online-store-is-open" is opened in new tab(file:///home/nada/IdeaProjects/DemoProjectAutomation2/src/main/resources/features/F07_followUs.feature:22)
]]>
            </full-stacktrace>
          </exception> <!-- java.lang.AssertionError -->
          <reporter-output>
          </reporter-output>
        </test-method> <!-- runScenario -->
        <test-method status="PASS" signature="runScenario(io.cucumber.testng.PickleWrapper, io.cucumber.testng.FeatureWrapper)[pri:0, instance:org.example.testRunner.runners@2ac273d3]" name="runScenario" duration-ms="17146" started-at="2022-07-28T20:24:37 EET" description="Runs Cucumber Scenarios" data-provider="scenarios" finished-at="2022-07-28T20:24:54 EET">
          <params>
            <param index="0">
              <value>
                <![CDATA["user opens youtube link"]]>
              </value>
            </param>
            <param index="1">
              <value>
                <![CDATA["Optional[F07_followUs | users could open followUs links]"]]>
              </value>
            </param>
          </params>
          <reporter-output>
          </reporter-output>
        </test-method> <!-- runScenario -->
        <test-method status="PASS" signature="runScenario(io.cucumber.testng.PickleWrapper, io.cucumber.testng.FeatureWrapper)[pri:0, instance:org.example.testRunner.runners@2ac273d3]" name="runScenario" duration-ms="14278" started-at="2022-07-28T20:24:54 EET" description="Runs Cucumber Scenarios" data-provider="scenarios" finished-at="2022-07-28T20:25:08 EET">
          <params>
            <param index="0">
              <value>
                <![CDATA["verify that the user can add item to wishlist successfully"]]>
              </value>
            </param>
            <param index="1">
              <value>
                <![CDATA["Optional[F08_Wishlist | user can add item to his wishlist]"]]>
              </value>
            </param>
          </params>
          <reporter-output>
          </reporter-output>
        </test-method> <!-- runScenario -->
        <test-method status="PASS" signature="runScenario(io.cucumber.testng.PickleWrapper, io.cucumber.testng.FeatureWrapper)[pri:0, instance:org.example.testRunner.runners@2ac273d3]" name="runScenario" duration-ms="38603" started-at="2022-07-28T20:25:08 EET" description="Runs Cucumber Scenarios" data-provider="scenarios" finished-at="2022-07-28T20:25:47 EET">
          <params>
            <param index="0">
              <value>
                <![CDATA["verify that count of the wishlist responding"]]>
              </value>
            </param>
            <param index="1">
              <value>
                <![CDATA["Optional[F08_Wishlist | user can add item to his wishlist]"]]>
              </value>
            </param>
          </params>
          <reporter-output>
          </reporter-output>
        </test-method> <!-- runScenario -->
        <test-method status="PASS" signature="tearDownClass()[pri:0, instance:org.example.testRunner.runners@2ac273d3]" name="tearDownClass" is-config="true" duration-ms="143" started-at="2022-07-28T20:25:47 EET" finished-at="2022-07-28T20:25:47 EET">
          <reporter-output>
          </reporter-output>
        </test-method> <!-- tearDownClass -->
      </class> <!-- org.example.testRunner.runners -->
    </test> <!-- Surefire test -->
  </suite> <!-- Surefire suite -->
</testng-results>
