<?xml version="1.0" encoding="UTF-8" standalone="no"?>
<testsuite errors="0" failures="3" name="io.cucumber.core.plugin.JUnitFormatter" skipped="0" tests="19" time="373.842">
<testcase classname="F01_Register | users could register with new accounts" name="guest user could register with valid data successfully" time="27.077">
<system-out><![CDATA[Given user goto register page...............................................passed
When user select a gender type..............................................passed
And user enter first name "automation" and last name "tester" field.........passed
And user enter the date of birth............................................passed
And user enter email "test30@example.com"...................................passed
And user fills Password fields "P@ssw0rd" "P@ssw0rd" fields.................passed
And user clicks on the register button......................................passed
Then verify success message is displayed....................................passed
]]></system-out>
</testcase>
<testcase classname="F02_Login | users could use login functionality to use their accounts" name="user could login with valid email and password" time="15.987">
<system-out><![CDATA[Given user go to login page test............................................passed
When user login with "valid" "test30@example.com" and "P@ssw0rd"............passed
And user press on login button..............................................passed
Then user login to the system successfully..................................passed
]]></system-out>
</testcase>
<testcase classname="F02_Login | users could use login functionality to use their accounts" name="user could login with invalid email and password" time="17.277">
<system-out><![CDATA[Given user go to login page test............................................passed
When user login with "invalid" "test@example.com" and "P@ssw0rd"............passed
And user press on login button..............................................passed
Then user could not login to the system.....................................passed
]]></system-out>
</testcase>
<testcase classname="F03_Currencies | User could switch between currencies US-Euro" name="Logged User could switch between currencies US-Euro" time="16.776">
<system-out><![CDATA[Given verify user go to Home page...........................................passed
When user select currency type..............................................passed
Then user can show the changed currency.....................................passed
And user showed the Euro Symbol (€) is shown on the four products displayed in Home page.passed
]]></system-out>
</testcase>
<testcase classname="F04_Search |  User could search for any product" name="user could search using product name" time="15.206">
<system-out><![CDATA[Given verify user go to Home page...........................................passed
When user click on search field.............................................passed
And user enter product name "book" in search field..........................passed
And user click on enter to show search result...............................passed
Then user can show the search result........................................passed
]]></system-out>
</testcase>
<testcase classname="F04_Search |  User could search for any product" name="user could search using product name 2" time="16.373">
<system-out><![CDATA[Given verify user go to Home page...........................................passed
When user click on search field.............................................passed
And user enter product name "laptop" in search field........................passed
And user click on enter to show search result...............................passed
Then user can show the search result........................................passed
]]></system-out>
</testcase>
<testcase classname="F04_Search |  User could search for any product" name="user could search using product name 3" time="15.02">
<system-out><![CDATA[Given verify user go to Home page...........................................passed
When user click on search field.............................................passed
And user enter product name "nike" in search field..........................passed
And user click on enter to show search result...............................passed
Then user can show the search result........................................passed
]]></system-out>
</testcase>
<testcase classname="F04_Search |  User could search for any product" name="user could search for product using sku" time="24.426">
<system-out><![CDATA[Given verify user go to Home page...........................................passed
When user click on search field.............................................passed
And user enter product sku "SCI_FAITH" in search field......................passed
Then user can show the PDP for entered sku..................................passed
]]></system-out>
</testcase>
<testcase classname="F04_Search |  User could search for any product" name="user could search for product using sku 2" time="23.871">
<system-out><![CDATA[Given verify user go to Home page...........................................passed
When user click on search field.............................................passed
And user enter product sku "APPLE_CAM" in search field......................passed
Then user can show the PDP for entered sku..................................passed
]]></system-out>
</testcase>
<testcase classname="F04_Search |  User could search for any product" name="user could search for product using sku 3" time="24.008">
<system-out><![CDATA[Given verify user go to Home page...........................................passed
When user click on search field.............................................passed
And user enter product sku "SF_PRO_11" in search field......................passed
Then user can show the PDP for entered sku..................................passed
]]></system-out>
</testcase>
<testcase classname="F05_hoverCategories | user could select different Categories" name="Logged user could select different Categories" time="17.236">
<system-out><![CDATA[Given user in Home Page and there are 3 main categories contains sub-categories.passed
When user select a category by hover on on it...............................passed
And user select a subcatgoriy by click on it................................passed
And user get the name if the page title.....................................passed
Then user verify that the sub-category title as the the selected random sub-category.passed
]]></system-out>
</testcase>
<testcase classname="F06_homeSliders | check sliders is clickable on home page" name="first slider is clickable on home page" time="12.832">
<failure message="expected [https://demo.nopcommerce.com/nokia-lumia-1020] but found [https://demo.nopcommerce.com/]" type="java.lang.AssertionError"><![CDATA[Given verify user go to Home page...........................................passed
When click on First Slider..................................................passed
Then user redirect to url1 Nokia............................................failed

StackTrace:
java.lang.AssertionError: expected [https://demo.nopcommerce.com/nokia-lumia-1020] but found [https://demo.nopcommerce.com/]
	at org.testng.Assert.fail(Assert.java:99)
	at org.testng.Assert.failNotEquals(Assert.java:1037)
	at org.testng.Assert.assertEqualsImpl(Assert.java:140)
	at org.testng.Assert.assertEquals(Assert.java:122)
	at org.testng.Assert.assertEquals(Assert.java:629)
	at org.testng.Assert.assertEquals(Assert.java:639)
	at org.example.stepDefs.D06_homeSlidersStepDef.verify1stSlider(D06_homeSlidersStepDef.java:27)
	at ✽.user redirect to url1 Nokia(file:///home/nada/IdeaProjects/DemoProjectAutomation2/src/main/resources/features/F06_homeSliders.feature:6)
]]></failure>
</testcase>
<testcase classname="F06_homeSliders | check sliders is clickable on home page" name="second slider is clickable on home page" time="13.985">
<failure message="expected [https://demo.nopcommerce.com/iphone-6] but found [https://demo.nopcommerce.com/]" type="java.lang.AssertionError"><![CDATA[Given verify user go to Home page...........................................passed
When click on Second Slider.................................................passed
Then user redirect to url2 iphone...........................................failed

StackTrace:
java.lang.AssertionError: expected [https://demo.nopcommerce.com/iphone-6] but found [https://demo.nopcommerce.com/]
	at org.testng.Assert.fail(Assert.java:99)
	at org.testng.Assert.failNotEquals(Assert.java:1037)
	at org.testng.Assert.assertEqualsImpl(Assert.java:140)
	at org.testng.Assert.assertEquals(Assert.java:122)
	at org.testng.Assert.assertEquals(Assert.java:629)
	at org.testng.Assert.assertEquals(Assert.java:639)
	at org.example.stepDefs.D06_homeSlidersStepDef.verify2ndSlider(D06_homeSlidersStepDef.java:34)
	at ✽.user redirect to url2 iphone(file:///home/nada/IdeaProjects/DemoProjectAutomation2/src/main/resources/features/F06_homeSliders.feature:10)
]]></failure>
</testcase>
<testcase classname="F07_followUs | users could open followUs links" name="user opens facebook link" time="17.231">
<system-out><![CDATA[Given user in home page and follow us links appeared........................passed
When user click on facebook link............................................passed
Then "https://www.facebook.com/nopCommerce" is opened in new tab............passed
]]></system-out>
</testcase>
<testcase classname="F07_followUs | users could open followUs links" name="user opens twitter link" time="27.26">
<system-out><![CDATA[Given user in home page and follow us links appeared........................passed
When user click on twitter link.............................................passed
Then "https://twitter.com/nopCommerce" is opened in new tab.................passed
]]></system-out>
</testcase>
<testcase classname="F07_followUs | users could open followUs links" name="user opens rss link" time="18.946">
<failure message="expected [https://demo.nopcommerce.com/new-online-store-is-open] but found [https://demo.nopcommerce.com/news/rss/1]" type="java.lang.AssertionError"><![CDATA[Given user in home page and follow us links appeared........................passed
When user click on rss link.................................................passed
Then "https://demo.nopcommerce.com/new-online-store-is-open" is opened in new tab.failed

StackTrace:
java.lang.AssertionError: expected [https://demo.nopcommerce.com/new-online-store-is-open] but found [https://demo.nopcommerce.com/news/rss/1]
	at org.testng.Assert.fail(Assert.java:99)
	at org.testng.Assert.failNotEquals(Assert.java:1037)
	at org.testng.Assert.assertEqualsImpl(Assert.java:140)
	at org.testng.Assert.assertEquals(Assert.java:122)
	at org.testng.Assert.assertEquals(Assert.java:629)
	at org.testng.Assert.assertEquals(Assert.java:639)
	at org.example.stepDefs.D07_followUsStepDef.isOpenedInNewTab(D07_followUsStepDef.java:53)
	at ✽."https://demo.nopcommerce.com/new-online-store-is-open" is opened in new tab(file:///home/nada/IdeaProjects/DemoProjectAutomation2/src/main/resources/features/F07_followUs.feature:22)
]]></failure>
</testcase>
<testcase classname="F07_followUs | users could open followUs links" name="user opens youtube link" time="17.141">
<system-out><![CDATA[Given user in home page and follow us links appeared........................passed
When user click on youtube link.............................................passed
Then "https://www.youtube.com/user/nopCommerce" is opened in new tab........passed
]]></system-out>
</testcase>
<testcase classname="F08_Wishlist | user can add item to his wishlist" name="verify that the user can add item to wishlist successfully" time="14.274">
<system-out><![CDATA[Given user in Home page and there are product list..........................passed
When User click on heart for item...........................................passed
Then user show success message The product has been added to your wishlist with green background color.passed
]]></system-out>
</testcase>
<testcase classname="F08_Wishlist | user can add item to his wishlist" name="verify that count of the wishlist responding" time="38.595">
<system-out><![CDATA[Given user in Home page and there are product list..........................passed
When User click on heart for item...........................................passed
Then wait until this success message with green color to disappear then click on Wishlist Tab.passed
And get Qty value and verify it's bigger than zero..........................passed
]]></system-out>
</testcase>
</testsuite>
