<?xml version="1.0" encoding="UTF-8"?>
<!-- Generated by org.testng.reporters.JUnitReportReporter -->
<testsuite skipped="0" hostname="nada-Vostro-15-3510" name="org.example.testRunner.runners" tests="18" failures="2" timestamp="2022-07-23T01:31:30 EET" time="351.104" errors="1">
  <testcase name="runScenario" time="15.193" classname="org.example.testRunner.runners"/>
  <system-out/>
  <testcase name="runScenario" time="27.239" classname="org.example.testRunner.runners"/>
  <system-out/>
  <testcase name="runScenario" time="23.604" classname="org.example.testRunner.runners"/>
  <system-out/>
  <testcase name="runScenario" time="12.800" classname="org.example.testRunner.runners">
    <failure type="java.lang.AssertionError" message="expected [https://demo.nopcommerce.com/iphone-6] but found [https://demo.nopcommerce.com/]">
      <![CDATA[java.lang.AssertionError: expected [https://demo.nopcommerce.com/iphone-6] but found [https://demo.nopcommerce.com/]
at org.testng.Assert.fail(Assert.java:99)
at org.testng.Assert.failNotEquals(Assert.java:1037)
at org.testng.Assert.assertEqualsImpl(Assert.java:140)
at org.testng.Assert.assertEquals(Assert.java:122)
at org.testng.Assert.assertEquals(Assert.java:629)
at org.testng.Assert.assertEquals(Assert.java:639)
at org.example.stepDefs.D06_homeSlidersStepDef.verify2ndSlider(D06_homeSlidersStepDef.java:34)
at ✽.user redirect to url2 iphone(file:///home/nada/IdeaProjects/DemoProjectAutomation2/src/main/resources/features/F06_homeSliders.feature:10)
]]>
    </failure>
  </testcase> <!-- runScenario -->
  <system-out/>
  <testcase name="runScenario" time="18.120" classname="org.example.testRunner.runners"/>
  <system-out/>
  <testcase name="runScenario" time="37.890" classname="org.example.testRunner.runners"/>
  <system-out/>
  <testcase name="runScenario" time="17.644" classname="org.example.testRunner.runners"/>
  <system-out/>
  <testcase name="runScenario" time="22.995" classname="org.example.testRunner.runners"/>
  <system-out/>
  <testcase name="runScenario" time="23.870" classname="org.example.testRunner.runners"/>
  <system-out/>
  <testcase name="runScenario" time="15.059" classname="org.example.testRunner.runners"/>
  <system-out/>
  <testcase name="runScenario" time="12.725" classname="org.example.testRunner.runners">
    <failure type="java.lang.AssertionError" message="expected [https://demo.nopcommerce.com/nokia-lumia-1020] but found [https://demo.nopcommerce.com/]">
      <![CDATA[java.lang.AssertionError: expected [https://demo.nopcommerce.com/nokia-lumia-1020] but found [https://demo.nopcommerce.com/]
at org.testng.Assert.fail(Assert.java:99)
at org.testng.Assert.failNotEquals(Assert.java:1037)
at org.testng.Assert.assertEqualsImpl(Assert.java:140)
at org.testng.Assert.assertEquals(Assert.java:122)
at org.testng.Assert.assertEquals(Assert.java:629)
at org.testng.Assert.assertEquals(Assert.java:639)
at org.example.stepDefs.D06_homeSlidersStepDef.verify1stSlider(D06_homeSlidersStepDef.java:27)
at ✽.user redirect to url1 Nokia(file:///home/nada/IdeaProjects/DemoProjectAutomation2/src/main/resources/features/F06_homeSliders.feature:6)
]]>
    </failure>
  </testcase> <!-- runScenario -->
  <system-out/>
  <testcase name="runScenario" time="17.681" classname="org.example.testRunner.runners">
    <error type="java.lang.IndexOutOfBoundsException" message="Index: 1, Size: 1">
      <![CDATA[java.lang.IndexOutOfBoundsException: Index: 1, Size: 1
at java.util.ArrayList.rangeCheck(ArrayList.java:659)
at java.util.ArrayList.get(ArrayList.java:435)
at org.example.stepDefs.D07_followUsStepDef.isOpenedInNewTab(D07_followUsStepDef.java:78)
at ✽."https://demo.nopcommerce.com/new-online-store-is-open" is opened in new tab(file:///home/nada/IdeaProjects/DemoProjectAutomation2/src/main/resources/features/F07_followUs.feature:22)
]]>
    </error>
  </testcase> <!-- runScenario -->
  <system-out/>
  <testcase name="runScenario" time="26.948" classname="org.example.testRunner.runners"/>
  <system-out/>
  <testcase name="runScenario" time="15.398" classname="org.example.testRunner.runners"/>
  <system-out/>
  <testcase name="runScenario" time="17.269" classname="org.example.testRunner.runners"/>
  <system-out/>
  <testcase name="runScenario" time="15.041" classname="org.example.testRunner.runners"/>
  <system-out/>
  <testcase name="runScenario" time="14.389" classname="org.example.testRunner.runners"/>
  <system-out/>
  <testcase name="runScenario" time="17.239" classname="org.example.testRunner.runners"/>
  <system-out/>
</testsuite> <!-- org.example.testRunner.runners -->
